2023-12-21 02:47:38 [DEBUG] - C:\Users\Belal\Downloads\Conquer Online\Sources\Pinthole source 5517\zfserver v2.5517\zfserver v2.5517\LoginServer\bin\Debug
2023-12-21 02:47:38 [DEBUG] - Computer Name: DESKTOP-MVA152F
2023-12-21 02:47:38 [DEBUG] - User Name: Belal
2023-12-21 02:47:38 [DEBUG] - System Directory: C:\Windows\system32
2023-12-21 02:47:38 [DEBUG] - Some environment variables:
2023-12-21 02:47:38 [DEBUG] - OS=Microsoft Windows NT 6.2.9200.0
2023-12-21 02:47:38 [DEBUG] - NUMBER_OF_PROCESSORS: 8
2023-12-21 02:47:38 [DEBUG] - PROCESSOR_ARCHITETURE: x64
2023-12-21 02:47:38 [MESSAGE] - Initializing login server...
2023-12-21 02:47:38 [DEBUG] - Starting threads...
2023-12-21 02:47:38 [MESSAGE] - Checking database...
2023-12-21 02:47:40 [MESSAGE] - Connected to MySQL Server...
2023-12-21 02:47:40 [MESSAGE] - Reading configuration file...
2023-12-21 02:47:40 [MESSAGE] - Starting Server...
2023-12-21 02:47:40 [MESSAGE] - Waiting for game server connections...
2023-12-21 02:47:40 [MESSAGE] - Server is ready for connections...
2023-12-21 02:49:30 [MESSAGE] - User [] is trying to login on server [Dark].
2023-12-21 02:49:30 [MESSAGE] - User [adrian] has successfully logged into Dark(135.12.15.139:5816).
2023-12-21 02:53:11 [MESSAGE] - User [] is trying to login on server [Dark].
2023-12-21 02:53:11 [MESSAGE] - User [adrian] has successfully logged into Dark(135.12.15.139:5816).
2023-12-21 02:53:48 [MESSAGE] - User [] is trying to login on server [Dark].
2023-12-21 02:53:48 [MESSAGE] - User [adrian] has successfully logged into Dark(135.12.15.139:5816).
2023-12-21 02:55:55 [DEBUG] - C:\Users\Belal\Downloads\Conquer Online\Sources\Pinthole source 5517\zfserver v2.5517\zfserver v2.5517\LoginServer\bin\Debug
2023-12-21 02:55:55 [DEBUG] - Computer Name: DESKTOP-MVA152F
2023-12-21 02:55:55 [DEBUG] - User Name: Belal
2023-12-21 02:55:55 [DEBUG] - System Directory: C:\Windows\system32
2023-12-21 02:55:55 [DEBUG] - Some environment variables:
2023-12-21 02:55:55 [DEBUG] - OS=Microsoft Windows NT 6.2.9200.0
2023-12-21 02:55:55 [DEBUG] - NUMBER_OF_PROCESSORS: 8
2023-12-21 02:55:55 [DEBUG] - PROCESSOR_ARCHITETURE: x64
2023-12-21 02:55:55 [MESSAGE] - Initializing login server...
2023-12-21 02:55:55 [DEBUG] - Starting threads...
2023-12-21 02:55:55 [MESSAGE] - Checking database...
2023-12-21 02:55:57 [MESSAGE] - Connected to MySQL Server...
2023-12-21 02:55:57 [MESSAGE] - Reading configuration file...
2023-12-21 02:55:57 [MESSAGE] - Starting Server...
2023-12-21 02:55:57 [MESSAGE] - Waiting for game server connections...
2023-12-21 02:55:57 [MESSAGE] - Server is ready for connections...
2023-12-21 02:56:18 [MESSAGE] - User [] is trying to login on server [Dark].
2023-12-21 02:56:18 [MESSAGE] - User [adrian] has successfully logged into Dark(135.12.15.139:5816).
2023-12-21 03:00:00 [MESSAGE] - User [] is trying to login on server [Dark].
2023-12-21 03:00:00 [MESSAGE] - User [adrian] has successfully logged into Dark(135.12.15.139:5816).
2023-12-21 03:10:28 [MESSAGE] - User [] is trying to login on server [Dark].
2023-12-21 03:10:28 [MESSAGE] - User [adrian] has successfully logged into Dark(135.12.15.139:5816).
2023-12-21 03:14:24 [DEBUG] - C:\Users\Belal\Downloads\Conquer Online\Sources\Pinthole source 5517\zfserver v2.5517\zfserver v2.5517\LoginServer\bin\Debug
2023-12-21 03:14:24 [DEBUG] - Computer Name: DESKTOP-MVA152F
2023-12-21 03:14:24 [DEBUG] - User Name: Belal
2023-12-21 03:14:24 [DEBUG] - System Directory: C:\Windows\system32
2023-12-21 03:14:24 [DEBUG] - Some environment variables:
2023-12-21 03:14:24 [DEBUG] - OS=Microsoft Windows NT 6.2.9200.0
2023-12-21 03:14:24 [DEBUG] - NUMBER_OF_PROCESSORS: 8
2023-12-21 03:14:24 [DEBUG] - PROCESSOR_ARCHITETURE: x64
2023-12-21 03:14:24 [MESSAGE] - Initializing login server...
2023-12-21 03:14:24 [DEBUG] - Starting threads...
2023-12-21 03:14:24 [MESSAGE] - Checking database...
2023-12-21 03:14:26 [MESSAGE] - Connected to MySQL Server...
2023-12-21 03:14:26 [MESSAGE] - Reading configuration file...
2023-12-21 03:14:26 [MESSAGE] - Starting Server...
2023-12-21 03:14:26 [MESSAGE] - Waiting for game server connections...
2023-12-21 03:14:26 [MESSAGE] - Server is ready for connections...
2023-12-21 03:14:46 [MESSAGE] - User [] is trying to login on server [Dark].
2023-12-21 03:14:46 [MESSAGE] - User [adrian] has successfully logged into Dark(135.12.15.139:5816).
2023-12-21 03:18:42 [DEBUG] - C:\Users\Belal\Downloads\Conquer Online\Sources\Pinthole source 5517\zfserver v2.5517\zfserver v2.5517\LoginServer\bin\Debug
2023-12-21 03:18:42 [DEBUG] - Computer Name: DESKTOP-MVA152F
2023-12-21 03:18:42 [DEBUG] - User Name: Belal
2023-12-21 03:18:42 [DEBUG] - System Directory: C:\Windows\system32
2023-12-21 03:18:42 [DEBUG] - Some environment variables:
2023-12-21 03:18:42 [DEBUG] - OS=Microsoft Windows NT 6.2.9200.0
2023-12-21 03:18:42 [DEBUG] - NUMBER_OF_PROCESSORS: 8
2023-12-21 03:18:42 [DEBUG] - PROCESSOR_ARCHITETURE: x64
2023-12-21 03:18:42 [MESSAGE] - Initializing login server...
2023-12-21 03:18:42 [DEBUG] - Starting threads...
2023-12-21 03:18:42 [MESSAGE] - Checking database...
2023-12-21 03:18:44 [MESSAGE] - Connected to MySQL Server...
2023-12-21 03:18:44 [MESSAGE] - Reading configuration file...
2023-12-21 03:18:44 [MESSAGE] - Starting Server...
2023-12-21 03:18:44 [MESSAGE] - Waiting for game server connections...
2023-12-21 03:18:44 [MESSAGE] - Server is ready for connections...
2023-12-21 03:18:59 [MESSAGE] - User [] is trying to login on server [Dark].
2023-12-21 03:19:10 [MESSAGE] - User [] is trying to login on server [Dark].
2023-12-21 03:19:10 [MESSAGE] - User [adrian] has successfully logged into Dark(135.12.15.139:5816).
2023-12-21 03:21:38 [DEBUG] - C:\Users\Belal\Downloads\Conquer Online\Sources\Pinthole source 5517\zfserver v2.5517\zfserver v2.5517\LoginServer\bin\Debug
2023-12-21 03:21:38 [DEBUG] - Computer Name: DESKTOP-MVA152F
2023-12-21 03:21:38 [DEBUG] - User Name: Belal
2023-12-21 03:21:38 [DEBUG] - System Directory: C:\Windows\system32
2023-12-21 03:21:38 [DEBUG] - Some environment variables:
2023-12-21 03:21:38 [DEBUG] - OS=Microsoft Windows NT 6.2.9200.0
2023-12-21 03:21:38 [DEBUG] - NUMBER_OF_PROCESSORS: 8
2023-12-21 03:21:38 [DEBUG] - PROCESSOR_ARCHITETURE: x64
2023-12-21 03:21:38 [MESSAGE] - Initializing login server...
2023-12-21 03:21:38 [DEBUG] - Starting threads...
2023-12-21 03:21:38 [MESSAGE] - Checking database...
2023-12-21 03:21:40 [MESSAGE] - Connected to MySQL Server...
2023-12-21 03:21:40 [MESSAGE] - Reading configuration file...
2023-12-21 03:21:40 [MESSAGE] - Starting Server...
2023-12-21 03:21:40 [MESSAGE] - Waiting for game server connections...
2023-12-21 03:21:40 [MESSAGE] - Server is ready for connections...
2023-12-21 03:21:56 [MESSAGE] - User [] is trying to login on server [Dark].
2023-12-21 03:21:56 [MESSAGE] - User [adrian] has successfully logged into Dark(135.12.15.139:5816).
2023-12-21 03:33:55 [DEBUG] - C:\Users\Belal\Downloads\Conquer Online\Sources\Pinthole source 5517\zfserver v2.5517\zfserver v2.5517\LoginServer\bin\Debug
2023-12-21 03:33:55 [DEBUG] - Computer Name: DESKTOP-MVA152F
2023-12-21 03:33:55 [DEBUG] - User Name: Belal
2023-12-21 03:33:55 [DEBUG] - System Directory: C:\Windows\system32
2023-12-21 03:33:55 [DEBUG] - Some environment variables:
2023-12-21 03:33:55 [DEBUG] - OS=Microsoft Windows NT 6.2.9200.0
2023-12-21 03:33:55 [DEBUG] - NUMBER_OF_PROCESSORS: 8
2023-12-21 03:33:55 [DEBUG] - PROCESSOR_ARCHITETURE: x64
2023-12-21 03:33:55 [MESSAGE] - Initializing login server...
2023-12-21 03:33:55 [DEBUG] - Starting threads...
2023-12-21 03:33:55 [MESSAGE] - Checking database...
2023-12-21 03:33:56 [MESSAGE] - Connected to MySQL Server...
2023-12-21 03:33:56 [MESSAGE] - Reading configuration file...
2023-12-21 03:33:56 [MESSAGE] - Starting Server...
2023-12-21 03:33:56 [MESSAGE] - Waiting for game server connections...
2023-12-21 03:33:56 [MESSAGE] - Server is ready for connections...
2023-12-21 03:34:17 [MESSAGE] - User [] is trying to login on server [Dark].
2023-12-21 03:34:27 [MESSAGE] - User [] is trying to login on server [Dark].
2023-12-21 03:34:27 [MESSAGE] - User [adrian] has successfully logged into Dark(135.12.15.139:5816).
2023-12-21 04:13:15 [MESSAGE] - User [] is trying to login on server [Dark].
2023-12-21 04:13:15 [MESSAGE] - User [adrian] has successfully logged into Dark(135.12.15.139:5816).
