========================================================================================================================
=== Conquer Online Login Server - World Conquer Online - Dec 23 20 12:05:56
=== Start Server time is 2023-12-20 12:00:58
========================================================================================================================
=== Current time is 2023-12-20 12:05:56
=== Server takes 0 days 00:04:57
========================================================================================================================
LastLoginUsername [""], LastLoginTime[01/01/0001 12:00:00 AM]
LoginCount[0,0(5min)], SuccessLoginCount[0,0(5min)], FailedLoginCount[0,0(5min)]

========================================================================================================================
=== Conquer Online Login Server - World Conquer Online - Dec 23 20 12:10:56
=== Start Server time is 2023-12-20 12:00:58
========================================================================================================================
=== Current time is 2023-12-20 12:10:56
=== Server takes 0 days 00:09:57
========================================================================================================================
LastLoginUsername [""], LastLoginTime[01/01/0001 12:00:00 AM]
LoginCount[0,0(5min)], SuccessLoginCount[0,0(5min)], FailedLoginCount[0,0(5min)]

========================================================================================================================
=== Conquer Online Login Server - World Conquer Online - Dec 23 20 12:15:55
=== Start Server time is 2023-12-20 12:00:58
========================================================================================================================
=== Current time is 2023-12-20 12:15:56
=== Server takes 0 days 00:14:57
========================================================================================================================
LastLoginUsername [""], LastLoginTime[01/01/0001 12:00:00 AM]
LoginCount[0,0(5min)], SuccessLoginCount[0,0(5min)], FailedLoginCount[0,0(5min)]

========================================================================================================================
=== Conquer Online Login Server - World Conquer Online - Dec 23 20 12:20:55
=== Start Server time is 2023-12-20 12:00:58
========================================================================================================================
=== Current time is 2023-12-20 12:20:55
=== Server takes 0 days 00:19:57
========================================================================================================================
LastLoginUsername [""], LastLoginTime[01/01/0001 12:00:00 AM]
LoginCount[0,0(5min)], SuccessLoginCount[0,0(5min)], FailedLoginCount[0,0(5min)]

========================================================================================================================
=== Conquer Online Login Server - World Conquer Online - Dec 23 20 12:25:56
=== Start Server time is 2023-12-20 12:00:58
========================================================================================================================
=== Current time is 2023-12-20 12:25:56
=== Server takes 0 days 00:24:57
========================================================================================================================
LastLoginUsername [""], LastLoginTime[01/01/0001 12:00:00 AM]
LoginCount[0,0(5min)], SuccessLoginCount[0,0(5min)], FailedLoginCount[0,0(5min)]

========================================================================================================================
=== Conquer Online Login Server - World Conquer Online - Dec 23 20 12:30:56
=== Start Server time is 2023-12-20 12:00:58
========================================================================================================================
=== Current time is 2023-12-20 12:30:56
=== Server takes 0 days 00:29:57
========================================================================================================================
LastLoginUsername [""], LastLoginTime[01/01/0001 12:00:00 AM]
LoginCount[0,0(5min)], SuccessLoginCount[0,0(5min)], FailedLoginCount[0,0(5min)]

========================================================================================================================
=== Conquer Online Login Server - World Conquer Online - Dec 23 20 06:54:58
=== Start Server time is 2023-12-20 06:50:00
========================================================================================================================
=== Current time is 2023-12-20 06:54:58
=== Server takes 0 days 00:04:57
========================================================================================================================
LastLoginUsername [""], LastLoginTime[01/01/0001 12:00:00 AM]
LoginCount[0,0(5min)], SuccessLoginCount[0,0(5min)], FailedLoginCount[0,0(5min)]

========================================================================================================================
=== Conquer Online Login Server - World Conquer Online - Dec 23 20 06:59:59
=== Start Server time is 2023-12-20 06:50:00
========================================================================================================================
=== Current time is 2023-12-20 06:59:59
=== Server takes 0 days 00:09:58
========================================================================================================================
LastLoginUsername [""], LastLoginTime[01/01/0001 12:00:00 AM]
LoginCount[0,0(5min)], SuccessLoginCount[0,0(5min)], FailedLoginCount[0,0(5min)]

