========================================================================================================================
=== Conquer Online Login Server - World Conquer Online - Dec 23 19 01:41:20
=== Start Server time is 2023-12-19 01:36:22
========================================================================================================================
=== Current time is 2023-12-19 01:41:20
=== Server takes 0 days 00:04:58
========================================================================================================================
LastLoginUsername [""], LastLoginTime[01/01/0001 12:00:00 AM]
LoginCount[0,0(5min)], SuccessLoginCount[0,0(5min)], FailedLoginCount[0,0(5min)]

========================================================================================================================
=== Conquer Online Login Server - World Conquer Online - Dec 23 19 01:48:43
=== Start Server time is 2023-12-19 01:43:46
========================================================================================================================
=== Current time is 2023-12-19 01:48:43
=== Server takes 0 days 00:04:57
========================================================================================================================
LastLoginUsername [""], LastLoginTime[01/01/0001 12:00:00 AM]
LoginCount[0,0(5min)], SuccessLoginCount[0,0(5min)], FailedLoginCount[0,0(5min)]

========================================================================================================================
=== Conquer Online Login Server - World Conquer Online - Dec 23 19 01:53:44
=== Start Server time is 2023-12-19 01:43:46
========================================================================================================================
=== Current time is 2023-12-19 01:53:44
=== Server takes 0 days 00:09:57
========================================================================================================================
LastLoginUsername [""], LastLoginTime[01/01/0001 12:00:00 AM]
LoginCount[0,0(5min)], SuccessLoginCount[0,0(5min)], FailedLoginCount[0,0(5min)]

========================================================================================================================
=== Conquer Online Login Server - World Conquer Online - Dec 23 19 01:58:44
=== Start Server time is 2023-12-19 01:43:46
========================================================================================================================
=== Current time is 2023-12-19 01:58:44
=== Server takes 0 days 00:14:57
========================================================================================================================
LastLoginUsername [""], LastLoginTime[01/01/0001 12:00:00 AM]
LoginCount[0,0(5min)], SuccessLoginCount[0,0(5min)], FailedLoginCount[0,0(5min)]

========================================================================================================================
=== Conquer Online Login Server - World Conquer Online - Dec 23 19 02:03:44
=== Start Server time is 2023-12-19 01:43:46
========================================================================================================================
=== Current time is 2023-12-19 02:03:44
=== Server takes 0 days 00:19:57
========================================================================================================================
LastLoginUsername [""], LastLoginTime[01/01/0001 12:00:00 AM]
LoginCount[0,0(5min)], SuccessLoginCount[0,0(5min)], FailedLoginCount[0,0(5min)]

========================================================================================================================
=== Conquer Online Login Server - World Conquer Online - Dec 23 19 02:08:44
=== Start Server time is 2023-12-19 01:43:46
========================================================================================================================
=== Current time is 2023-12-19 02:08:44
=== Server takes 0 days 00:24:57
========================================================================================================================
LastLoginUsername [""], LastLoginTime[01/01/0001 12:00:00 AM]
LoginCount[0,0(5min)], SuccessLoginCount[0,0(5min)], FailedLoginCount[0,0(5min)]

========================================================================================================================
=== Conquer Online Login Server - World Conquer Online - Dec 23 19 02:18:47
=== Start Server time is 2023-12-19 02:13:50
========================================================================================================================
=== Current time is 2023-12-19 02:18:47
=== Server takes 0 days 00:04:57
========================================================================================================================
LastLoginUsername [""], LastLoginTime[01/01/0001 12:00:00 AM]
LoginCount[0,0(5min)], SuccessLoginCount[0,0(5min)], FailedLoginCount[0,0(5min)]

========================================================================================================================
=== Conquer Online Login Server - World Conquer Online - Dec 23 19 02:23:47
=== Start Server time is 2023-12-19 02:13:50
========================================================================================================================
=== Current time is 2023-12-19 02:23:47
=== Server takes 0 days 00:09:57
========================================================================================================================
LastLoginUsername [""], LastLoginTime[01/01/0001 12:00:00 AM]
LoginCount[0,0(5min)], SuccessLoginCount[0,0(5min)], FailedLoginCount[0,0(5min)]

========================================================================================================================
=== Conquer Online Login Server - World Conquer Online - Dec 23 19 02:28:47
=== Start Server time is 2023-12-19 02:13:50
========================================================================================================================
=== Current time is 2023-12-19 02:28:47
=== Server takes 0 days 00:14:57
========================================================================================================================
LastLoginUsername [""], LastLoginTime[01/01/0001 12:00:00 AM]
LoginCount[0,0(5min)], SuccessLoginCount[0,0(5min)], FailedLoginCount[0,0(5min)]

========================================================================================================================
=== Conquer Online Login Server - World Conquer Online - Dec 23 19 02:33:48
=== Start Server time is 2023-12-19 02:13:50
========================================================================================================================
=== Current time is 2023-12-19 02:33:48
=== Server takes 0 days 00:19:57
========================================================================================================================
LastLoginUsername [""], LastLoginTime[01/01/0001 12:00:00 AM]
LoginCount[0,0(5min)], SuccessLoginCount[0,0(5min)], FailedLoginCount[0,0(5min)]

========================================================================================================================
=== Conquer Online Login Server - World Conquer Online - Dec 23 19 02:41:39
=== Start Server time is 2023-12-19 02:36:42
========================================================================================================================
=== Current time is 2023-12-19 02:41:39
=== Server takes 0 days 00:04:57
========================================================================================================================
LastLoginUsername [""], LastLoginTime[01/01/0001 12:00:00 AM]
LoginCount[0,0(5min)], SuccessLoginCount[0,0(5min)], FailedLoginCount[0,0(5min)]

========================================================================================================================
=== Conquer Online Login Server - World Conquer Online - Dec 23 19 02:46:39
=== Start Server time is 2023-12-19 02:36:42
========================================================================================================================
=== Current time is 2023-12-19 02:46:39
=== Server takes 0 days 00:09:57
========================================================================================================================
LastLoginUsername [""], LastLoginTime[01/01/0001 12:00:00 AM]
LoginCount[0,0(5min)], SuccessLoginCount[0,0(5min)], FailedLoginCount[0,0(5min)]

========================================================================================================================
=== Conquer Online Login Server - World Conquer Online - Dec 23 19 02:51:40
=== Start Server time is 2023-12-19 02:36:42
========================================================================================================================
=== Current time is 2023-12-19 02:51:40
=== Server takes 0 days 00:14:57
========================================================================================================================
LastLoginUsername [""], LastLoginTime[01/01/0001 12:00:00 AM]
LoginCount[0,0(5min)], SuccessLoginCount[0,0(5min)], FailedLoginCount[0,0(5min)]

========================================================================================================================
=== Conquer Online Login Server - World Conquer Online - Dec 23 19 02:56:39
=== Start Server time is 2023-12-19 02:36:42
========================================================================================================================
=== Current time is 2023-12-19 02:56:39
=== Server takes 0 days 00:19:57
========================================================================================================================
LastLoginUsername [""], LastLoginTime[01/01/0001 12:00:00 AM]
LoginCount[0,0(5min)], SuccessLoginCount[0,0(5min)], FailedLoginCount[0,0(5min)]

========================================================================================================================
=== Conquer Online Login Server - World Conquer Online - Dec 23 19 03:01:40
=== Start Server time is 2023-12-19 02:36:42
========================================================================================================================
=== Current time is 2023-12-19 03:01:40
=== Server takes 0 days 00:24:57
========================================================================================================================
LastLoginUsername [""], LastLoginTime[01/01/0001 12:00:00 AM]
LoginCount[0,0(5min)], SuccessLoginCount[0,0(5min)], FailedLoginCount[0,0(5min)]

========================================================================================================================
=== Conquer Online Login Server - World Conquer Online - Dec 23 19 03:06:40
=== Start Server time is 2023-12-19 02:36:42
========================================================================================================================
=== Current time is 2023-12-19 03:06:40
=== Server takes 0 days 00:29:57
========================================================================================================================
LastLoginUsername [""], LastLoginTime[01/01/0001 12:00:00 AM]
LoginCount[0,0(5min)], SuccessLoginCount[0,0(5min)], FailedLoginCount[0,0(5min)]

========================================================================================================================
=== Conquer Online Login Server - World Conquer Online - Dec 23 19 03:25:33
=== Start Server time is 2023-12-19 03:18:08
========================================================================================================================
=== Current time is 2023-12-19 03:25:33
========================================================================================================================
=== Conquer Online Login Server - World Conquer Online - Dec 23 19 04:20:38
=== Start Server time is 2023-12-19 04:15:40
========================================================================================================================
=== Current time is 2023-12-19 04:20:38
=== Server takes 0 days 00:04:57
========================================================================================================================
LastLoginUsername [""], LastLoginTime[01/01/0001 12:00:00 AM]
LoginCount[0,0(5min)], SuccessLoginCount[0,0(5min)], FailedLoginCount[0,0(5min)]

========================================================================================================================
=== Conquer Online Login Server - World Conquer Online - Dec 23 19 06:03:56
=== Start Server time is 2023-12-19 05:58:57
========================================================================================================================
=== Current time is 2023-12-19 06:03:56
=== Server takes 0 days 00:04:58
========================================================================================================================
LastLoginUsername [""], LastLoginTime[01/01/0001 12:00:00 AM]
LoginCount[0,0(5min)], SuccessLoginCount[0,0(5min)], FailedLoginCount[0,0(5min)]

========================================================================================================================
=== Conquer Online Login Server - World Conquer Online - Dec 23 19 06:08:55
=== Start Server time is 2023-12-19 05:58:57
========================================================================================================================
=== Current time is 2023-12-19 06:08:55
=== Server takes 0 days 00:09:57
========================================================================================================================
LastLoginUsername [""], LastLoginTime[01/01/0001 12:00:00 AM]
LoginCount[0,0(5min)], SuccessLoginCount[0,0(5min)], FailedLoginCount[0,0(5min)]

========================================================================================================================
=== Conquer Online Login Server - World Conquer Online - Dec 23 19 06:13:55
=== Start Server time is 2023-12-19 05:58:57
========================================================================================================================
=== Current time is 2023-12-19 06:13:55
=== Server takes 0 days 00:14:57
========================================================================================================================
LastLoginUsername [""], LastLoginTime[01/01/0001 12:00:00 AM]
LoginCount[0,0(5min)], SuccessLoginCount[0,0(5min)], FailedLoginCount[0,0(5min)]

========================================================================================================================
=== Conquer Online Login Server - World Conquer Online - Dec 23 19 06:18:56
=== Start Server time is 2023-12-19 05:58:57
========================================================================================================================
=== Current time is 2023-12-19 06:18:56
=== Server takes 0 days 00:19:58
========================================================================================================================
LastLoginUsername [""], LastLoginTime[01/01/0001 12:00:00 AM]
LoginCount[0,0(5min)], SuccessLoginCount[0,0(5min)], FailedLoginCount[0,0(5min)]

========================================================================================================================
=== Conquer Online Login Server - World Conquer Online - Dec 23 19 10:29:18
=== Start Server time is 2023-12-19 10:24:20
========================================================================================================================
=== Current time is 2023-12-19 10:29:18
=== Server takes 0 days 00:04:58
========================================================================================================================
LastLoginUsername [""], LastLoginTime[01/01/0001 12:00:00 AM]
LoginCount[0,0(5min)], SuccessLoginCount[0,0(5min)], FailedLoginCount[0,0(5min)]

========================================================================================================================
=== Conquer Online Login Server - World Conquer Online - Dec 23 19 10:34:19
=== Start Server time is 2023-12-19 10:24:20
========================================================================================================================
=== Current time is 2023-12-19 10:34:19
=== Server takes 0 days 00:09:58
========================================================================================================================
LastLoginUsername [""], LastLoginTime[01/01/0001 12:00:00 AM]
LoginCount[0,0(5min)], SuccessLoginCount[0,0(5min)], FailedLoginCount[0,0(5min)]

========================================================================================================================
=== Conquer Online Login Server - World Conquer Online - Dec 23 19 10:39:19
=== Start Server time is 2023-12-19 10:24:20
========================================================================================================================
=== Current time is 2023-12-19 10:39:19
=== Server takes 0 days 00:14:58
========================================================================================================================
LastLoginUsername [""], LastLoginTime[01/01/0001 12:00:00 AM]
LoginCount[0,0(5min)], SuccessLoginCount[0,0(5min)], FailedLoginCount[0,0(5min)]

========================================================================================================================
=== Conquer Online Login Server - World Conquer Online - Dec 23 19 10:44:18
=== Start Server time is 2023-12-19 10:24:20
========================================================================================================================
=== Current time is 2023-12-19 10:44:18
=== Server takes 0 days 00:19:58
========================================================================================================================
LastLoginUsername [""], LastLoginTime[01/01/0001 12:00:00 AM]
LoginCount[0,0(5min)], SuccessLoginCount[0,0(5min)], FailedLoginCount[0,0(5min)]

========================================================================================================================
=== Conquer Online Login Server - World Conquer Online - Dec 23 19 10:49:19
=== Start Server time is 2023-12-19 10:24:20
========================================================================================================================
=== Current time is 2023-12-19 10:49:19
=== Server takes 0 days 00:24:58
========================================================================================================================
LastLoginUsername [""], LastLoginTime[01/01/0001 12:00:00 AM]
LoginCount[0,0(5min)], SuccessLoginCount[0,0(5min)], FailedLoginCount[0,0(5min)]

========================================================================================================================
=== Conquer Online Login Server - World Conquer Online - Dec 23 19 10:54:19
=== Start Server time is 2023-12-19 10:24:20
========================================================================================================================
=== Current time is 2023-12-19 10:54:19
=== Server takes 0 days 00:29:58
========================================================================================================================
LastLoginUsername [""], LastLoginTime[01/01/0001 12:00:00 AM]
LoginCount[0,0(5min)], SuccessLoginCount[0,0(5min)], FailedLoginCount[0,0(5min)]

========================================================================================================================
=== Conquer Online Login Server - World Conquer Online - Dec 23 19 11:03:49
=== Start Server time is 2023-12-19 10:58:50
========================================================================================================================
=== Current time is 2023-12-19 11:03:49
=== Server takes 0 days 00:04:58
========================================================================================================================
LastLoginUsername [""], LastLoginTime[01/01/0001 12:00:00 AM]
LoginCount[0,0(5min)], SuccessLoginCount[0,0(5min)], FailedLoginCount[0,0(5min)]

========================================================================================================================
=== Conquer Online Login Server - World Conquer Online - Dec 23 19 11:08:49
=== Start Server time is 2023-12-19 10:58:50
========================================================================================================================
=== Current time is 2023-12-19 11:08:49
=== Server takes 0 days 00:09:58
========================================================================================================================
LastLoginUsername [""], LastLoginTime[01/01/0001 12:00:00 AM]
LoginCount[0,0(5min)], SuccessLoginCount[0,0(5min)], FailedLoginCount[0,0(5min)]

========================================================================================================================
=== Conquer Online Login Server - World Conquer Online - Dec 23 19 11:13:49
=== Start Server time is 2023-12-19 10:58:50
========================================================================================================================
=== Current time is 2023-12-19 11:13:49
=== Server takes 0 days 00:14:58
========================================================================================================================
LastLoginUsername [""], LastLoginTime[01/01/0001 12:00:00 AM]
LoginCount[0,0(5min)], SuccessLoginCount[0,0(5min)], FailedLoginCount[0,0(5min)]

========================================================================================================================
=== Conquer Online Login Server - World Conquer Online - Dec 23 19 11:18:49
=== Start Server time is 2023-12-19 10:58:50
========================================================================================================================
=== Current time is 2023-12-19 11:18:49
=== Server takes 0 days 00:19:58
========================================================================================================================
LastLoginUsername [""], LastLoginTime[01/01/0001 12:00:00 AM]
LoginCount[0,0(5min)], SuccessLoginCount[0,0(5min)], FailedLoginCount[0,0(5min)]

========================================================================================================================
=== Conquer Online Login Server - World Conquer Online - Dec 23 19 11:23:49
=== Start Server time is 2023-12-19 10:58:50
========================================================================================================================
=== Current time is 2023-12-19 11:23:49
=== Server takes 0 days 00:24:58
========================================================================================================================
LastLoginUsername [""], LastLoginTime[01/01/0001 12:00:00 AM]
LoginCount[0,0(5min)], SuccessLoginCount[0,0(5min)], FailedLoginCount[0,0(5min)]

========================================================================================================================
=== Conquer Online Login Server - World Conquer Online - Dec 23 19 11:28:49
=== Start Server time is 2023-12-19 10:58:50
========================================================================================================================
=== Current time is 2023-12-19 11:28:49
=== Server takes 0 days 00:29:58
========================================================================================================================
LastLoginUsername [""], LastLoginTime[01/01/0001 12:00:00 AM]
LoginCount[0,0(5min)], SuccessLoginCount[0,0(5min)], FailedLoginCount[0,0(5min)]

========================================================================================================================
=== Conquer Online Login Server - World Conquer Online - Dec 23 19 11:33:48
=== Start Server time is 2023-12-19 10:58:50
========================================================================================================================
=== Current time is 2023-12-19 11:33:48
=== Server takes 0 days 00:34:58
========================================================================================================================
LastLoginUsername [""], LastLoginTime[01/01/0001 12:00:00 AM]
LoginCount[0,0(5min)], SuccessLoginCount[0,0(5min)], FailedLoginCount[0,0(5min)]

========================================================================================================================
=== Conquer Online Login Server - World Conquer Online - Dec 23 19 11:38:48
=== Start Server time is 2023-12-19 10:58:50
========================================================================================================================
=== Current time is 2023-12-19 11:38:48
=== Server takes 0 days 00:39:58
========================================================================================================================
LastLoginUsername [""], LastLoginTime[01/01/0001 12:00:00 AM]
LoginCount[0,0(5min)], SuccessLoginCount[0,0(5min)], FailedLoginCount[0,0(5min)]

