========================================================================================================================
=== Conquer Online Login Server - World Conquer Online - Dec 23 21 02:52:38
=== Start Server time is 2023-12-21 02:47:40
========================================================================================================================
=== Current time is 2023-12-21 02:52:38
=== Server takes 0 days 00:04:57
========================================================================================================================
LastLoginUsername [""], LastLoginTime[01/01/0001 12:00:00 AM]
LoginCount[0,0(5min)], SuccessLoginCount[0,0(5min)], FailedLoginCount[0,0(5min)]

========================================================================================================================
=== Conquer Online Login Server - World Conquer Online - Dec 23 21 03:00:55
=== Start Server time is 2023-12-21 02:55:57
========================================================================================================================
=== Current time is 2023-12-21 03:00:55
=== Server takes 0 days 00:04:57
========================================================================================================================
LastLoginUsername [""], LastLoginTime[01/01/0001 12:00:00 AM]
LoginCount[0,0(5min)], SuccessLoginCount[0,0(5min)], FailedLoginCount[0,0(5min)]

========================================================================================================================
=== Conquer Online Login Server - World Conquer Online - Dec 23 21 03:05:55
=== Start Server time is 2023-12-21 02:55:57
========================================================================================================================
=== Current time is 2023-12-21 03:05:55
=== Server takes 0 days 00:09:57
========================================================================================================================
LastLoginUsername [""], LastLoginTime[01/01/0001 12:00:00 AM]
LoginCount[0,0(5min)], SuccessLoginCount[0,0(5min)], FailedLoginCount[0,0(5min)]

========================================================================================================================
=== Conquer Online Login Server - World Conquer Online - Dec 23 21 03:10:55
=== Start Server time is 2023-12-21 02:55:57
========================================================================================================================
=== Current time is 2023-12-21 03:10:55
=== Server takes 0 days 00:14:57
========================================================================================================================
LastLoginUsername [""], LastLoginTime[01/01/0001 12:00:00 AM]
LoginCount[0,0(5min)], SuccessLoginCount[0,0(5min)], FailedLoginCount[0,0(5min)]

========================================================================================================================
=== Conquer Online Login Server - World Conquer Online - Dec 23 21 03:26:38
=== Start Server time is 2023-12-21 03:21:40
========================================================================================================================
=== Current time is 2023-12-21 03:26:38
=== Server takes 0 days 00:04:58
========================================================================================================================
LastLoginUsername [""], LastLoginTime[01/01/0001 12:00:00 AM]
LoginCount[0,0(5min)], SuccessLoginCount[0,0(5min)], FailedLoginCount[0,0(5min)]

========================================================================================================================
=== Conquer Online Login Server - World Conquer Online - Dec 23 21 03:38:55
=== Start Server time is 2023-12-21 03:33:56
========================================================================================================================
=== Current time is 2023-12-21 03:38:55
=== Server takes 0 days 00:04:58
========================================================================================================================
LastLoginUsername [""], LastLoginTime[01/01/0001 12:00:00 AM]
LoginCount[0,0(5min)], SuccessLoginCount[0,0(5min)], FailedLoginCount[0,0(5min)]

========================================================================================================================
=== Conquer Online Login Server - World Conquer Online - Dec 23 21 03:43:55
=== Start Server time is 2023-12-21 03:33:56
========================================================================================================================
=== Current time is 2023-12-21 03:43:55
=== Server takes 0 days 00:09:58
========================================================================================================================
LastLoginUsername [""], LastLoginTime[01/01/0001 12:00:00 AM]
LoginCount[0,0(5min)], SuccessLoginCount[0,0(5min)], FailedLoginCount[0,0(5min)]

========================================================================================================================
=== Conquer Online Login Server - World Conquer Online - Dec 23 21 03:48:55
=== Start Server time is 2023-12-21 03:33:56
========================================================================================================================
=== Current time is 2023-12-21 03:48:55
=== Server takes 0 days 00:14:58
========================================================================================================================
LastLoginUsername [""], LastLoginTime[01/01/0001 12:00:00 AM]
LoginCount[0,0(5min)], SuccessLoginCount[0,0(5min)], FailedLoginCount[0,0(5min)]

========================================================================================================================
=== Conquer Online Login Server - World Conquer Online - Dec 23 21 03:53:55
=== Start Server time is 2023-12-21 03:33:56
========================================================================================================================
=== Current time is 2023-12-21 03:53:55
=== Server takes 0 days 00:19:58
========================================================================================================================
LastLoginUsername [""], LastLoginTime[01/01/0001 12:00:00 AM]
LoginCount[0,0(5min)], SuccessLoginCount[0,0(5min)], FailedLoginCount[0,0(5min)]

========================================================================================================================
=== Conquer Online Login Server - World Conquer Online - Dec 23 21 03:58:55
=== Start Server time is 2023-12-21 03:33:56
========================================================================================================================
=== Current time is 2023-12-21 03:58:55
=== Server takes 0 days 00:24:58
========================================================================================================================
LastLoginUsername [""], LastLoginTime[01/01/0001 12:00:00 AM]
LoginCount[0,0(5min)], SuccessLoginCount[0,0(5min)], FailedLoginCount[0,0(5min)]

========================================================================================================================
=== Conquer Online Login Server - World Conquer Online - Dec 23 21 04:03:55
=== Start Server time is 2023-12-21 03:33:56
========================================================================================================================
=== Current time is 2023-12-21 04:03:55
=== Server takes 0 days 00:29:58
========================================================================================================================
LastLoginUsername [""], LastLoginTime[01/01/0001 12:00:00 AM]
LoginCount[0,0(5min)], SuccessLoginCount[0,0(5min)], FailedLoginCount[0,0(5min)]

========================================================================================================================
=== Conquer Online Login Server - World Conquer Online - Dec 23 21 04:08:55
=== Start Server time is 2023-12-21 03:33:56
========================================================================================================================
=== Current time is 2023-12-21 04:08:55
=== Server takes 0 days 00:34:58
========================================================================================================================
LastLoginUsername [""], LastLoginTime[01/01/0001 12:00:00 AM]
LoginCount[0,0(5min)], SuccessLoginCount[0,0(5min)], FailedLoginCount[0,0(5min)]

========================================================================================================================
=== Conquer Online Login Server - World Conquer Online - Dec 23 21 04:13:55
=== Start Server time is 2023-12-21 03:33:56
========================================================================================================================
=== Current time is 2023-12-21 04:13:55
=== Server takes 0 days 00:39:58
========================================================================================================================
LastLoginUsername [""], LastLoginTime[01/01/0001 12:00:00 AM]
LoginCount[0,0(5min)], SuccessLoginCount[0,0(5min)], FailedLoginCount[0,0(5min)]

