2023-12-19 01:36:21 [DEBUG] - C:\Users\Belal\Downloads\Conquer Online\Pinthole source 5517\zfserver v2.5517\zfserver v2.5517\LoginServer\bin\Debug
2023-12-19 01:36:21 [DEBUG] - Computer Name: DESKTOP-MVA152F
2023-12-19 01:36:21 [DEBUG] - User Name: Belal
2023-12-19 01:36:21 [DEBUG] - System Directory: C:\Windows\system32
2023-12-19 01:36:21 [DEBUG] - Some environment variables:
2023-12-19 01:36:21 [DEBUG] - OS=Microsoft Windows NT 6.2.9200.0
2023-12-19 01:36:21 [DEBUG] - NUMBER_OF_PROCESSORS: 8
2023-12-19 01:36:21 [DEBUG] - PROCESSOR_ARCHITETURE: x64
2023-12-19 01:36:21 [MESSAGE] - Initializing login server...
2023-12-19 01:36:21 [DEBUG] - Starting threads...
2023-12-19 01:36:21 [MESSAGE] - Checking database...
2023-12-19 01:36:22 [MESSAGE] - Connected to MySQL Server...
2023-12-19 01:36:22 [MESSAGE] - Reading configuration file...
2023-12-19 01:36:22 [MESSAGE] - Starting Server...
2023-12-19 01:36:22 [MESSAGE] - Waiting for game server connections...
2023-12-19 01:36:22 [MESSAGE] - Server is ready for connections...
2023-12-19 01:37:45 [MESSAGE] - User [] is trying to login on server [Dark].
2023-12-19 01:43:44 [DEBUG] - C:\Users\Belal\Downloads\Conquer Online\Pinthole source 5517\zfserver v2.5517\zfserver v2.5517\LoginServer\bin\Debug
2023-12-19 01:43:44 [DEBUG] - Computer Name: DESKTOP-MVA152F
2023-12-19 01:43:44 [DEBUG] - User Name: Belal
2023-12-19 01:43:44 [DEBUG] - System Directory: C:\Windows\system32
2023-12-19 01:43:44 [DEBUG] - Some environment variables:
2023-12-19 01:43:44 [DEBUG] - OS=Microsoft Windows NT 6.2.9200.0
2023-12-19 01:43:44 [DEBUG] - NUMBER_OF_PROCESSORS: 8
2023-12-19 01:43:44 [DEBUG] - PROCESSOR_ARCHITETURE: x64
2023-12-19 01:43:44 [MESSAGE] - Initializing login server...
2023-12-19 01:43:44 [DEBUG] - Starting threads...
2023-12-19 01:43:44 [MESSAGE] - Checking database...
2023-12-19 01:43:46 [MESSAGE] - Connected to MySQL Server...
2023-12-19 01:43:46 [MESSAGE] - Reading configuration file...
2023-12-19 01:43:46 [MESSAGE] - Starting Server...
2023-12-19 01:43:46 [MESSAGE] - Waiting for game server connections...
2023-12-19 01:43:46 [MESSAGE] - Server is ready for connections...
2023-12-19 01:44:29 [MESSAGE] - User [] is trying to login on server [Honor].
2023-12-19 02:11:51 [DEBUG] - C:\Users\Belal\Downloads\Conquer Online\Pinthole source 5517\zfserver v2.5517\zfserver v2.5517\LoginServer\bin\Debug
2023-12-19 02:11:51 [DEBUG] - Computer Name: DESKTOP-MVA152F
2023-12-19 02:11:51 [DEBUG] - User Name: Belal
2023-12-19 02:11:51 [DEBUG] - System Directory: C:\Windows\system32
2023-12-19 02:11:51 [DEBUG] - Some environment variables:
2023-12-19 02:11:51 [DEBUG] - OS=Microsoft Windows NT 6.2.9200.0
2023-12-19 02:11:51 [DEBUG] - NUMBER_OF_PROCESSORS: 8
2023-12-19 02:11:51 [DEBUG] - PROCESSOR_ARCHITETURE: x64
2023-12-19 02:11:51 [MESSAGE] - Initializing login server...
2023-12-19 02:11:51 [DEBUG] - Starting threads...
2023-12-19 02:11:51 [MESSAGE] - Checking database...
2023-12-19 02:11:53 [MESSAGE] - Connected to MySQL Server...
2023-12-19 02:11:53 [MESSAGE] - Reading configuration file...
2023-12-19 02:11:53 [MESSAGE] - Starting Server...
2023-12-19 02:11:53 [MESSAGE] - Waiting for game server connections...
2023-12-19 02:11:53 [MESSAGE] - Server is ready for connections...
2023-12-19 02:12:25 [MESSAGE] - User [] is trying to login on server [Dark].
2023-12-19 02:13:48 [DEBUG] - C:\Users\Belal\Downloads\Conquer Online\Pinthole source 5517\zfserver v2.5517\zfserver v2.5517\LoginServer\bin\Debug
2023-12-19 02:13:48 [DEBUG] - Computer Name: DESKTOP-MVA152F
2023-12-19 02:13:48 [DEBUG] - User Name: Belal
2023-12-19 02:13:48 [DEBUG] - System Directory: C:\Windows\system32
2023-12-19 02:13:48 [DEBUG] - Some environment variables:
2023-12-19 02:13:48 [DEBUG] - OS=Microsoft Windows NT 6.2.9200.0
2023-12-19 02:13:48 [DEBUG] - NUMBER_OF_PROCESSORS: 8
2023-12-19 02:13:48 [DEBUG] - PROCESSOR_ARCHITETURE: x64
2023-12-19 02:13:48 [MESSAGE] - Initializing login server...
2023-12-19 02:13:48 [DEBUG] - Starting threads...
2023-12-19 02:13:48 [MESSAGE] - Checking database...
2023-12-19 02:13:50 [MESSAGE] - Connected to MySQL Server...
2023-12-19 02:13:50 [MESSAGE] - Reading configuration file...
2023-12-19 02:13:50 [MESSAGE] - Starting Server...
2023-12-19 02:13:50 [MESSAGE] - Waiting for game server connections...
2023-12-19 02:13:50 [MESSAGE] - Server is ready for connections...
2023-12-19 02:14:45 [MESSAGE] - User [] is trying to login on server [Dark].
2023-12-19 02:17:36 [MESSAGE] - User [] is trying to login on server [Dark].
2023-12-19 02:34:28 [MESSAGE] - User [] is trying to login on server [Dark].
2023-12-19 02:36:40 [DEBUG] - C:\Users\Belal\Downloads\Conquer Online\Pinthole source 5517\zfserver v2.5517\zfserver v2.5517\LoginServer\bin\Debug
2023-12-19 02:36:40 [DEBUG] - Computer Name: DESKTOP-MVA152F
2023-12-19 02:36:40 [DEBUG] - User Name: Belal
2023-12-19 02:36:40 [DEBUG] - System Directory: C:\Windows\system32
2023-12-19 02:36:40 [DEBUG] - Some environment variables:
2023-12-19 02:36:40 [DEBUG] - OS=Microsoft Windows NT 6.2.9200.0
2023-12-19 02:36:40 [DEBUG] - NUMBER_OF_PROCESSORS: 8
2023-12-19 02:36:40 [DEBUG] - PROCESSOR_ARCHITETURE: x64
2023-12-19 02:36:40 [MESSAGE] - Initializing login server...
2023-12-19 02:36:40 [DEBUG] - Starting threads...
2023-12-19 02:36:40 [MESSAGE] - Checking database...
2023-12-19 02:36:42 [MESSAGE] - Connected to MySQL Server...
2023-12-19 02:36:42 [MESSAGE] - Reading configuration file...
2023-12-19 02:36:42 [MESSAGE] - Starting Server...
2023-12-19 02:36:42 [MESSAGE] - Waiting for game server connections...
2023-12-19 02:36:42 [MESSAGE] - Server is ready for connections...
2023-12-19 02:39:22 [MESSAGE] - User [] is trying to login on server [Dark].
2023-12-19 02:46:09 [MESSAGE] - User [] is trying to login on server [Dark].
2023-12-19 02:46:21 [MESSAGE] - User [] is trying to login on server [Dark].
2023-12-19 02:46:21 [MESSAGE] - User [test] doesn't exist. Connection [127.0.0.1].
2023-12-19 02:49:21 [MESSAGE] - User [] is trying to login on server [Dark].
2023-12-19 02:50:27 [MESSAGE] - User [] is trying to login on server [Dark].
2023-12-19 02:50:38 [MESSAGE] - User [] is trying to login on server [Dark].
2023-12-19 02:54:47 [MESSAGE] - User [] is trying to login on server [Dark].
2023-12-19 02:55:01 [MESSAGE] - User [] is trying to login on server [Dark].
2023-12-19 02:55:01 [MESSAGE] - User [adrianf] doesn't exist. Connection [127.0.0.1].
2023-12-19 02:55:16 [MESSAGE] - User [] is trying to login on server [Dark].
2023-12-19 02:55:32 [MESSAGE] - User [] is trying to login on server [Dark].
2023-12-19 02:55:43 [MESSAGE] - User [] is trying to login on server [Dark].
2023-12-19 02:58:06 [MESSAGE] - User [] is trying to login on server [Dark].
2023-12-19 02:58:06 [MESSAGE] - User [test] doesn't exist. Connection [127.0.0.1].
2023-12-19 02:58:39 [MESSAGE] - User [] is trying to login on server [Dark].
2023-12-19 03:03:46 [MESSAGE] - User [] is trying to login on server [Dark].
2023-12-19 03:03:46 [MESSAGE] - User [adrian] has successfully logged into Dark(135.12.15.139:5816).
2023-12-19 03:03:56 [MESSAGE] - User [] is trying to login on server [Dark].
2023-12-19 03:03:56 [MESSAGE] - User [adrian] has successfully logged into Dark(135.12.15.139:5816).
2023-12-19 03:04:07 [MESSAGE] - User [] is trying to login on server [Dark].
2023-12-19 03:04:07 [MESSAGE] - User [adrian] has successfully logged into Dark(135.12.15.139:5816).
2023-12-19 03:09:04 [MESSAGE] - User [] is trying to login on server [Dark].
2023-12-19 03:09:04 [MESSAGE] - User [adrian] has successfully logged into Dark(135.12.15.139:5816).
2023-12-19 03:09:15 [MESSAGE] - User [] is trying to login on server [Dark].
2023-12-19 03:09:15 [MESSAGE] - User [adrian] has successfully logged into Dark(135.12.15.139:5816).
2023-12-19 03:11:19 [DEBUG] - C:\Users\Belal\Downloads\Conquer Online\Pinthole source 5517\zfserver v2.5517\zfserver v2.5517\LoginServer\bin\Debug
2023-12-19 03:11:19 [DEBUG] - Computer Name: DESKTOP-MVA152F
2023-12-19 03:11:19 [DEBUG] - User Name: Belal
2023-12-19 03:11:19 [DEBUG] - System Directory: C:\Windows\system32
2023-12-19 03:11:19 [DEBUG] - Some environment variables:
2023-12-19 03:11:19 [DEBUG] - OS=Microsoft Windows NT 6.2.9200.0
2023-12-19 03:11:19 [DEBUG] - NUMBER_OF_PROCESSORS: 8
2023-12-19 03:11:19 [DEBUG] - PROCESSOR_ARCHITETURE: x64
2023-12-19 03:11:19 [MESSAGE] - Initializing login server...
2023-12-19 03:11:19 [DEBUG] - Starting threads...
2023-12-19 03:11:19 [MESSAGE] - Checking database...
2023-12-19 03:11:21 [MESSAGE] - Connected to MySQL Server...
2023-12-19 03:11:21 [MESSAGE] - Reading configuration file...
2023-12-19 03:11:21 [MESSAGE] - Starting Server...
2023-12-19 03:11:21 [MESSAGE] - Waiting for game server connections...
2023-12-19 03:11:21 [MESSAGE] - Server is ready for connections...
2023-12-19 03:11:29 [MESSAGE] - User [] is trying to login on server [Dark].
2023-12-19 03:11:30 [MESSAGE] - User [adrian] has successfully logged into Dark(135.12.15.139:5816).
2023-12-19 03:11:48 [MESSAGE] - User [] is trying to login on server [Dragon].
2023-12-19 03:11:48 [MESSAGE] - User [adrian] has successfully logged into Dragon(135.12.15.139:5816).
2023-12-19 03:11:59 [MESSAGE] - User [] is trying to login on server [Honor].
2023-12-19 03:11:59 [MESSAGE] - User [adrian] has successfully logged into Honor(135.12.15.139:5816).
2023-12-19 03:13:31 [MESSAGE] - User [] is trying to login on server [Honor].
2023-12-19 03:13:31 [MESSAGE] - User [adrian] has successfully logged into Honor(135.12.15.139:5816).
2023-12-19 03:14:09 [DEBUG] - C:\Users\Belal\Downloads\Conquer Online\Pinthole source 5517\zfserver v2.5517\zfserver v2.5517\LoginServer\bin\Debug
2023-12-19 03:14:09 [DEBUG] - Computer Name: DESKTOP-MVA152F
2023-12-19 03:14:09 [DEBUG] - User Name: Belal
2023-12-19 03:14:09 [DEBUG] - System Directory: C:\Windows\system32
2023-12-19 03:14:09 [DEBUG] - Some environment variables:
2023-12-19 03:14:09 [DEBUG] - OS=Microsoft Windows NT 6.2.9200.0
2023-12-19 03:14:09 [DEBUG] - NUMBER_OF_PROCESSORS: 8
2023-12-19 03:14:09 [DEBUG] - PROCESSOR_ARCHITETURE: x64
2023-12-19 03:14:09 [MESSAGE] - Initializing login server...
2023-12-19 03:14:09 [DEBUG] - Starting threads...
2023-12-19 03:14:09 [MESSAGE] - Checking database...
2023-12-19 03:14:11 [MESSAGE] - Connected to MySQL Server...
2023-12-19 03:14:11 [MESSAGE] - Reading configuration file...
2023-12-19 03:14:11 [MESSAGE] - Starting Server...
2023-12-19 03:14:11 [MESSAGE] - Waiting for game server connections...
2023-12-19 03:14:11 [MESSAGE] - Server is ready for connections...
2023-12-19 03:16:01 [MESSAGE] - User [] is trying to login on server [Dark].
2023-12-19 03:16:01 [MESSAGE] - User [adrian] has successfully logged into Dark(135.12.15.139:5816).
2023-12-19 03:16:11 [MESSAGE] - User [] is trying to login on server [Dark].
2023-12-19 03:16:11 [MESSAGE] - User [adrian] has successfully logged into Dark(135.12.15.139:5816).
2023-12-19 03:18:05 [DEBUG] - C:\Users\Belal\Downloads\Conquer Online\Pinthole source 5517\zfserver v2.5517\zfserver v2.5517\LoginServer\bin\Debug
2023-12-19 03:18:05 [DEBUG] - Computer Name: DESKTOP-MVA152F
2023-12-19 03:18:05 [DEBUG] - User Name: Belal
2023-12-19 03:18:05 [DEBUG] - System Directory: C:\Windows\system32
2023-12-19 03:18:05 [DEBUG] - Some environment variables:
2023-12-19 03:18:05 [DEBUG] - OS=Microsoft Windows NT 6.2.9200.0
2023-12-19 03:18:05 [DEBUG] - NUMBER_OF_PROCESSORS: 8
2023-12-19 03:18:05 [DEBUG] - PROCESSOR_ARCHITETURE: x64
2023-12-19 03:18:05 [MESSAGE] - Initializing login server...
2023-12-19 03:18:05 [DEBUG] - Starting threads...
2023-12-19 03:18:05 [MESSAGE] - Checking database...
2023-12-19 03:18:08 [MESSAGE] - Connected to MySQL Server...
2023-12-19 03:18:08 [MESSAGE] - Reading configuration file...
2023-12-19 03:18:08 [MESSAGE] - Starting Server...
2023-12-19 03:18:08 [MESSAGE] - Waiting for game server connections...
2023-12-19 03:18:08 [MESSAGE] - Server is ready for connections...
2023-12-19 03:26:16 [DEBUG] - C:\Users\Belal\Downloads\Conquer Online\Pinthole source 5517\zfserver v2.5517\zfserver v2.5517\LoginServer\bin\Debug
2023-12-19 03:26:16 [DEBUG] - Computer Name: DESKTOP-MVA152F
2023-12-19 03:26:16 [DEBUG] - User Name: Belal
2023-12-19 03:26:16 [DEBUG] - System Directory: C:\Windows\system32
2023-12-19 03:26:16 [DEBUG] - Some environment variables:
2023-12-19 03:26:16 [DEBUG] - OS=Microsoft Windows NT 6.2.9200.0
2023-12-19 03:26:16 [DEBUG] - NUMBER_OF_PROCESSORS: 8
2023-12-19 03:26:16 [DEBUG] - PROCESSOR_ARCHITETURE: x64
2023-12-19 03:26:16 [MESSAGE] - Initializing login server...
2023-12-19 03:26:16 [DEBUG] - Starting threads...
2023-12-19 03:26:16 [MESSAGE] - Checking database...
2023-12-19 03:26:19 [MESSAGE] - Connected to MySQL Server...
2023-12-19 03:26:19 [MESSAGE] - Reading configuration file...
2023-12-19 03:26:19 [MESSAGE] - Starting Server...
2023-12-19 03:26:19 [MESSAGE] - Waiting for game server connections...
2023-12-19 03:26:19 [MESSAGE] - Server is ready for connections...
2023-12-19 03:29:54 [DEBUG] - C:\Users\Belal\Downloads\Conquer Online\Pinthole source 5517\zfserver v2.5517\zfserver v2.5517\LoginServer\bin\Debug
2023-12-19 03:29:54 [DEBUG] - Computer Name: DESKTOP-MVA152F
2023-12-19 03:29:54 [DEBUG] - User Name: Belal
2023-12-19 03:29:54 [DEBUG] - System Directory: C:\Windows\system32
2023-12-19 03:29:54 [DEBUG] - Some environment variables:
2023-12-19 03:29:54 [DEBUG] - OS=Microsoft Windows NT 6.2.9200.0
2023-12-19 03:29:54 [DEBUG] - NUMBER_OF_PROCESSORS: 8
2023-12-19 03:29:54 [DEBUG] - PROCESSOR_ARCHITETURE: x64
2023-12-19 03:29:54 [MESSAGE] - Initializing login server...
2023-12-19 03:29:54 [DEBUG] - Starting threads...
2023-12-19 03:29:54 [MESSAGE] - Checking database...
2023-12-19 03:29:56 [MESSAGE] - Connected to MySQL Server...
2023-12-19 03:29:56 [MESSAGE] - Reading configuration file...
2023-12-19 03:29:56 [MESSAGE] - Starting Server...
2023-12-19 03:29:56 [MESSAGE] - Waiting for game server connections...
2023-12-19 03:29:56 [MESSAGE] - Server is ready for connections...
2023-12-19 03:31:00 [MESSAGE] - User [] is trying to login on server [Dark].
2023-12-19 03:31:00 [MESSAGE] - User [adrian] has successfully logged into Dark(135.12.15.139:5816).
2023-12-19 03:32:53 [MESSAGE] - User [] is trying to login on server [Dark].
2023-12-19 03:32:53 [MESSAGE] - User [adrian] has successfully logged into Dark(135.12.15.139:5816).
2023-12-19 03:33:19 [DEBUG] - C:\Users\Belal\Downloads\Conquer Online\Pinthole source 5517\zfserver v2.5517\zfserver v2.5517\LoginServer\bin\Debug
2023-12-19 03:33:19 [DEBUG] - Computer Name: DESKTOP-MVA152F
2023-12-19 03:33:19 [DEBUG] - User Name: Belal
2023-12-19 03:33:19 [DEBUG] - System Directory: C:\Windows\system32
2023-12-19 03:33:19 [DEBUG] - Some environment variables:
2023-12-19 03:33:19 [DEBUG] - OS=Microsoft Windows NT 6.2.9200.0
2023-12-19 03:33:19 [DEBUG] - NUMBER_OF_PROCESSORS: 8
2023-12-19 03:33:19 [DEBUG] - PROCESSOR_ARCHITETURE: x64
2023-12-19 03:33:19 [MESSAGE] - Initializing login server...
2023-12-19 03:33:19 [DEBUG] - Starting threads...
2023-12-19 03:33:19 [MESSAGE] - Checking database...
2023-12-19 03:33:20 [MESSAGE] - Connected to MySQL Server...
2023-12-19 03:33:20 [MESSAGE] - Reading configuration file...
2023-12-19 03:33:20 [MESSAGE] - Starting Server...
2023-12-19 03:33:20 [MESSAGE] - Waiting for game server connections...
2023-12-19 03:33:20 [MESSAGE] - Server is ready for connections...
2023-12-19 03:34:19 [MESSAGE] - User [] is trying to login on server [Dark].
2023-12-19 03:34:19 [MESSAGE] - User [adrian] has successfully logged into Dark(135.12.15.139:5816).
2023-12-19 03:34:47 [MESSAGE] - User [] is trying to login on server [Dark].
2023-12-19 03:34:47 [MESSAGE] - User [test] doesn't exist. Connection [127.0.0.1].
2023-12-19 03:36:06 [DEBUG] - C:\Users\Belal\Downloads\Conquer Online\Pinthole source 5517\zfserver v2.5517\zfserver v2.5517\LoginServer\bin\Debug
2023-12-19 03:36:06 [DEBUG] - Computer Name: DESKTOP-MVA152F
2023-12-19 03:36:06 [DEBUG] - User Name: Belal
2023-12-19 03:36:06 [DEBUG] - System Directory: C:\Windows\system32
2023-12-19 03:36:06 [DEBUG] - Some environment variables:
2023-12-19 03:36:06 [DEBUG] - OS=Microsoft Windows NT 6.2.9200.0
2023-12-19 03:36:06 [DEBUG] - NUMBER_OF_PROCESSORS: 8
2023-12-19 03:36:06 [DEBUG] - PROCESSOR_ARCHITETURE: x64
2023-12-19 03:36:06 [MESSAGE] - Initializing login server...
2023-12-19 03:36:06 [DEBUG] - Starting threads...
2023-12-19 03:36:06 [MESSAGE] - Checking database...
2023-12-19 03:36:24 [DEBUG] - C:\Users\Belal\Downloads\Conquer Online\Pinthole source 5517\zfserver v2.5517\zfserver v2.5517\LoginServer\bin\Debug
2023-12-19 03:36:24 [DEBUG] - Computer Name: DESKTOP-MVA152F
2023-12-19 03:36:24 [DEBUG] - User Name: Belal
2023-12-19 03:36:24 [DEBUG] - System Directory: C:\Windows\system32
2023-12-19 03:36:24 [DEBUG] - Some environment variables:
2023-12-19 03:36:24 [DEBUG] - OS=Microsoft Windows NT 6.2.9200.0
2023-12-19 03:36:24 [DEBUG] - NUMBER_OF_PROCESSORS: 8
2023-12-19 03:36:24 [DEBUG] - PROCESSOR_ARCHITETURE: x64
2023-12-19 03:36:24 [MESSAGE] - Initializing login server...
2023-12-19 03:36:24 [DEBUG] - Starting threads...
2023-12-19 03:36:24 [MESSAGE] - Checking database...
2023-12-19 03:36:25 [MESSAGE] - Connected to MySQL Server...
2023-12-19 03:36:25 [MESSAGE] - Reading configuration file...
2023-12-19 03:36:25 [MESSAGE] - Starting Server...
2023-12-19 03:36:25 [MESSAGE] - Waiting for game server connections...
2023-12-19 03:36:25 [MESSAGE] - Server is ready for connections...
2023-12-19 03:36:58 [MESSAGE] - User [] is trying to login on server [Dark].
2023-12-19 03:36:58 [MESSAGE] - User [adrian] has successfully logged into Dark(135.12.15.139:5816).
2023-12-19 04:15:38 [DEBUG] - C:\Users\Belal\Downloads\Conquer Online\Pinthole source 5517\zfserver v2.5517\zfserver v2.5517\LoginServer\bin\Debug
2023-12-19 04:15:38 [DEBUG] - Computer Name: DESKTOP-MVA152F
2023-12-19 04:15:38 [DEBUG] - User Name: Belal
2023-12-19 04:15:38 [DEBUG] - System Directory: C:\Windows\system32
2023-12-19 04:15:38 [DEBUG] - Some environment variables:
2023-12-19 04:15:38 [DEBUG] - OS=Microsoft Windows NT 6.2.9200.0
2023-12-19 04:15:38 [DEBUG] - NUMBER_OF_PROCESSORS: 8
2023-12-19 04:15:38 [DEBUG] - PROCESSOR_ARCHITETURE: x64
2023-12-19 04:15:38 [MESSAGE] - Initializing login server...
2023-12-19 04:15:38 [DEBUG] - Starting threads...
2023-12-19 04:15:38 [MESSAGE] - Checking database...
2023-12-19 04:15:40 [MESSAGE] - Connected to MySQL Server...
2023-12-19 04:15:40 [MESSAGE] - Reading configuration file...
2023-12-19 04:15:40 [MESSAGE] - Starting Server...
2023-12-19 04:15:40 [MESSAGE] - Waiting for game server connections...
2023-12-19 04:15:40 [MESSAGE] - Server is ready for connections...
2023-12-19 04:16:58 [MESSAGE] - User [] is trying to login on server [Dark].
2023-12-19 04:16:59 [MESSAGE] - User [adrian] has successfully logged into Dark(135.12.15.139:5816).
2023-12-19 04:17:24 [MESSAGE] - User [] is trying to login on server [Dark].
2023-12-19 04:17:24 [MESSAGE] - User [adrian] has successfully logged into Dark(135.12.15.139:5816).
2023-12-19 04:17:50 [MESSAGE] - User [] is trying to login on server [Dark].
2023-12-19 04:17:50 [MESSAGE] - User [adrian] has successfully logged into Dark(135.12.15.139:5816).
2023-12-19 05:48:20 [DEBUG] - C:\Users\Belal\Downloads\Conquer Online\Pinthole source 5517\zfserver v2.5517\zfserver v2.5517\LoginServer\bin\Debug
2023-12-19 05:48:20 [DEBUG] - Computer Name: DESKTOP-MVA152F
2023-12-19 05:48:20 [DEBUG] - User Name: Belal
2023-12-19 05:48:20 [DEBUG] - System Directory: C:\Windows\system32
2023-12-19 05:48:20 [DEBUG] - Some environment variables:
2023-12-19 05:48:20 [DEBUG] - OS=Microsoft Windows NT 6.2.9200.0
2023-12-19 05:48:20 [DEBUG] - NUMBER_OF_PROCESSORS: 8
2023-12-19 05:48:20 [DEBUG] - PROCESSOR_ARCHITETURE: x64
2023-12-19 05:48:20 [MESSAGE] - Initializing login server...
2023-12-19 05:48:20 [DEBUG] - Starting threads...
2023-12-19 05:48:20 [MESSAGE] - Checking database...
2023-12-19 05:49:24 [DEBUG] - C:\Users\Belal\Downloads\Conquer Online\Pinthole source 5517\zfserver v2.5517\zfserver v2.5517\LoginServer\bin\Debug
2023-12-19 05:49:24 [DEBUG] - Computer Name: DESKTOP-MVA152F
2023-12-19 05:49:24 [DEBUG] - User Name: Belal
2023-12-19 05:49:24 [DEBUG] - System Directory: C:\Windows\system32
2023-12-19 05:49:24 [DEBUG] - Some environment variables:
2023-12-19 05:49:24 [DEBUG] - OS=Microsoft Windows NT 6.2.9200.0
2023-12-19 05:49:24 [DEBUG] - NUMBER_OF_PROCESSORS: 8
2023-12-19 05:49:24 [DEBUG] - PROCESSOR_ARCHITETURE: x64
2023-12-19 05:49:24 [MESSAGE] - Initializing login server...
2023-12-19 05:49:24 [DEBUG] - Starting threads...
2023-12-19 05:49:24 [MESSAGE] - Checking database...
2023-12-19 05:49:26 [MESSAGE] - Connected to MySQL Server...
2023-12-19 05:49:26 [MESSAGE] - Reading configuration file...
2023-12-19 05:49:26 [MESSAGE] - Starting Server...
2023-12-19 05:49:26 [MESSAGE] - Waiting for game server connections...
2023-12-19 05:49:26 [MESSAGE] - Server is ready for connections...
2023-12-19 05:50:04 [MESSAGE] - User [] is trying to login on server [Dark].
2023-12-19 05:50:28 [MESSAGE] - User [] is trying to login on server [Dark].
2023-12-19 05:51:59 [DEBUG] - C:\Users\Belal\Downloads\Conquer Online\Pinthole source 5517\zfserver v2.5517\zfserver v2.5517\LoginServer\bin\Debug
2023-12-19 05:51:59 [DEBUG] - Computer Name: DESKTOP-MVA152F
2023-12-19 05:51:59 [DEBUG] - User Name: Belal
2023-12-19 05:51:59 [DEBUG] - System Directory: C:\Windows\system32
2023-12-19 05:51:59 [DEBUG] - Some environment variables:
2023-12-19 05:51:59 [DEBUG] - OS=Microsoft Windows NT 6.2.9200.0
2023-12-19 05:51:59 [DEBUG] - NUMBER_OF_PROCESSORS: 8
2023-12-19 05:51:59 [DEBUG] - PROCESSOR_ARCHITETURE: x64
2023-12-19 05:51:59 [MESSAGE] - Initializing login server...
2023-12-19 05:51:59 [DEBUG] - Starting threads...
2023-12-19 05:51:59 [MESSAGE] - Checking database...
2023-12-19 05:52:00 [MESSAGE] - Connected to MySQL Server...
2023-12-19 05:52:00 [MESSAGE] - Reading configuration file...
2023-12-19 05:52:00 [MESSAGE] - Starting Server...
2023-12-19 05:52:00 [MESSAGE] - Waiting for game server connections...
2023-12-19 05:52:00 [MESSAGE] - Server is ready for connections...
2023-12-19 05:52:31 [MESSAGE] - User [] is trying to login on server [Dark].
2023-12-19 05:55:00 [DEBUG] - C:\Users\Belal\Downloads\Conquer Online\Pinthole source 5517\zfserver v2.5517\zfserver v2.5517\LoginServer\bin\Debug
2023-12-19 05:55:00 [DEBUG] - Computer Name: DESKTOP-MVA152F
2023-12-19 05:55:00 [DEBUG] - User Name: Belal
2023-12-19 05:55:00 [DEBUG] - System Directory: C:\Windows\system32
2023-12-19 05:55:00 [DEBUG] - Some environment variables:
2023-12-19 05:55:00 [DEBUG] - OS=Microsoft Windows NT 6.2.9200.0
2023-12-19 05:55:00 [DEBUG] - NUMBER_OF_PROCESSORS: 8
2023-12-19 05:55:00 [DEBUG] - PROCESSOR_ARCHITETURE: x64
2023-12-19 05:55:00 [MESSAGE] - Initializing login server...
2023-12-19 05:55:00 [DEBUG] - Starting threads...
2023-12-19 05:55:00 [MESSAGE] - Checking database...
2023-12-19 05:55:01 [MESSAGE] - Connected to MySQL Server...
2023-12-19 05:55:01 [MESSAGE] - Reading configuration file...
2023-12-19 05:55:01 [MESSAGE] - Starting Server...
2023-12-19 05:55:01 [MESSAGE] - Waiting for game server connections...
2023-12-19 05:55:01 [MESSAGE] - Server is ready for connections...
2023-12-19 05:56:02 [MESSAGE] - User [] is trying to login on server [Dark].
2023-12-19 05:56:33 [MESSAGE] - User [] is trying to login on server [Dark].
2023-12-19 05:56:55 [MESSAGE] - User [] is trying to login on server [Dark].
2023-12-19 05:58:56 [DEBUG] - C:\Users\Belal\Downloads\Conquer Online\Pinthole source 5517\zfserver v2.5517\zfserver v2.5517\LoginServer\bin\Debug
2023-12-19 05:58:56 [DEBUG] - Computer Name: DESKTOP-MVA152F
2023-12-19 05:58:56 [DEBUG] - User Name: Belal
2023-12-19 05:58:56 [DEBUG] - System Directory: C:\Windows\system32
2023-12-19 05:58:56 [DEBUG] - Some environment variables:
2023-12-19 05:58:56 [DEBUG] - OS=Microsoft Windows NT 6.2.9200.0
2023-12-19 05:58:56 [DEBUG] - NUMBER_OF_PROCESSORS: 8
2023-12-19 05:58:56 [DEBUG] - PROCESSOR_ARCHITETURE: x64
2023-12-19 05:58:56 [MESSAGE] - Initializing login server...
2023-12-19 05:58:56 [DEBUG] - Starting threads...
2023-12-19 05:58:56 [MESSAGE] - Checking database...
2023-12-19 05:58:57 [MESSAGE] - Connected to MySQL Server...
2023-12-19 05:58:57 [MESSAGE] - Reading configuration file...
2023-12-19 05:58:57 [MESSAGE] - Starting Server...
2023-12-19 05:58:57 [MESSAGE] - Waiting for game server connections...
2023-12-19 05:58:57 [MESSAGE] - Server is ready for connections...
2023-12-19 05:59:55 [MESSAGE] - User [] is trying to login on server [Dark].
2023-12-19 06:02:39 [MESSAGE] - User [] is trying to login on server [Dark].
2023-12-19 06:02:52 [MESSAGE] - User [] is trying to login on server [Dark].
2023-12-19 06:02:52 [MESSAGE] - User [test] has successfully logged into Dark(135.12.15.139:5816).
2023-12-19 06:03:02 [MESSAGE] - User [] is trying to login on server [Dark].
2023-12-19 06:03:02 [MESSAGE] - User [test] has successfully logged into Dark(135.12.15.139:5816).
2023-12-19 06:08:38 [MESSAGE] - User [] is trying to login on server [Dark].
2023-12-19 06:08:38 [MESSAGE] - User [test] has successfully logged into Dark(135.12.15.139:5816).
2023-12-19 06:09:13 [MESSAGE] - User [] is trying to login on server [Dark].
2023-12-19 06:09:13 [MESSAGE] - User [test] has successfully logged into Dark(135.12.15.139:5816).
2023-12-19 06:10:01 [MESSAGE] - User [] is trying to login on server [Dark].
2023-12-19 06:10:01 [MESSAGE] - User [test] has successfully logged into Dark(135.12.15.139:5816).
2023-12-19 22:24:18 [DEBUG] - C:\Users\Belal\Downloads\Conquer Online\Pinthole source 5517\zfserver v2.5517\zfserver v2.5517\LoginServer\bin\Debug
2023-12-19 22:24:18 [DEBUG] - Computer Name: DESKTOP-MVA152F
2023-12-19 22:24:18 [DEBUG] - User Name: Belal
2023-12-19 22:24:18 [DEBUG] - System Directory: C:\Windows\system32
2023-12-19 22:24:18 [DEBUG] - Some environment variables:
2023-12-19 22:24:18 [DEBUG] - OS=Microsoft Windows NT 6.2.9200.0
2023-12-19 22:24:18 [DEBUG] - NUMBER_OF_PROCESSORS: 8
2023-12-19 22:24:18 [DEBUG] - PROCESSOR_ARCHITETURE: x64
2023-12-19 22:24:18 [MESSAGE] - Initializing login server...
2023-12-19 22:24:18 [DEBUG] - Starting threads...
2023-12-19 22:24:18 [MESSAGE] - Checking database...
2023-12-19 22:24:20 [MESSAGE] - Connected to MySQL Server...
2023-12-19 22:24:20 [MESSAGE] - Reading configuration file...
2023-12-19 22:24:20 [MESSAGE] - Starting Server...
2023-12-19 22:24:20 [MESSAGE] - Waiting for game server connections...
2023-12-19 22:24:20 [MESSAGE] - Server is ready for connections...
2023-12-19 22:25:56 [MESSAGE] - User [] is trying to login on server [Dark].
2023-12-19 22:25:56 [MESSAGE] - User [test] has successfully logged into Dark(135.12.15.139:5816).
2023-12-19 22:26:07 [MESSAGE] - User [] is trying to login on server [Dark].
2023-12-19 22:26:07 [MESSAGE] - User [test] has successfully logged into Dark(135.12.15.139:5816).
2023-12-19 22:28:10 [MESSAGE] - User [] is trying to login on server [Dark].
2023-12-19 22:28:10 [MESSAGE] - User [test] has successfully logged into Dark(135.12.15.139:5816).
2023-12-19 22:58:48 [DEBUG] - C:\Users\Belal\Downloads\Conquer Online\Pinthole source 5517\zfserver v2.5517\zfserver v2.5517\LoginServer\bin\Debug
2023-12-19 22:58:48 [DEBUG] - Computer Name: DESKTOP-MVA152F
2023-12-19 22:58:49 [DEBUG] - User Name: Belal
2023-12-19 22:58:49 [DEBUG] - System Directory: C:\Windows\system32
2023-12-19 22:58:49 [DEBUG] - Some environment variables:
2023-12-19 22:58:49 [DEBUG] - OS=Microsoft Windows NT 6.2.9200.0
2023-12-19 22:58:49 [DEBUG] - NUMBER_OF_PROCESSORS: 8
2023-12-19 22:58:49 [DEBUG] - PROCESSOR_ARCHITETURE: x64
2023-12-19 22:58:49 [MESSAGE] - Initializing login server...
2023-12-19 22:58:49 [DEBUG] - Starting threads...
2023-12-19 22:58:49 [MESSAGE] - Checking database...
2023-12-19 22:58:50 [MESSAGE] - Connected to MySQL Server...
2023-12-19 22:58:50 [MESSAGE] - Reading configuration file...
2023-12-19 22:58:50 [MESSAGE] - Starting Server...
2023-12-19 22:58:50 [MESSAGE] - Waiting for game server connections...
2023-12-19 22:58:50 [MESSAGE] - Server is ready for connections...
2023-12-19 22:59:56 [MESSAGE] - User [] is trying to login on server [Dark].
2023-12-19 22:59:56 [MESSAGE] - User [test] has successfully logged into Dark(135.12.15.139:5816).
2023-12-19 23:04:03 [MESSAGE] - User [] is trying to login on server [Dark].
2023-12-19 23:04:03 [MESSAGE] - User [test2] has successfully logged into Dark(135.12.15.139:5816).
2023-12-19 23:20:34 [MESSAGE] - User [] is trying to login on server [Dark].
2023-12-19 23:20:34 [MESSAGE] - User [test2] has successfully logged into Dark(135.12.15.139:5816).
2023-12-19 23:23:02 [MESSAGE] - User [] is trying to login on server [Light].
2023-12-19 23:23:02 [MESSAGE] - User [test2] has successfully logged into Light(135.12.15.139:5816).
2023-12-19 23:38:29 [MESSAGE] - User [] is trying to login on server [Dark].
2023-12-19 23:38:29 [MESSAGE] - User [test2] has successfully logged into Dark(135.12.15.139:5816).
2023-12-19 23:38:57 [MESSAGE] - User [] is trying to login on server [Dark].
2023-12-19 23:38:57 [MESSAGE] - User [test2] has successfully logged into Dark(135.12.15.139:5816).
