2023-12-20 00:00:56 [DEBUG] - C:\Users\Belal\Downloads\Conquer Online\Pinthole source 5517\zfserver v2.5517\zfserver v2.5517\LoginServer\bin\Debug
2023-12-20 00:00:56 [DEBUG] - Computer Name: DESKTOP-MVA152F
2023-12-20 00:00:56 [DEBUG] - User Name: Belal
2023-12-20 00:00:56 [DEBUG] - System Directory: C:\Windows\system32
2023-12-20 00:00:56 [DEBUG] - Some environment variables:
2023-12-20 00:00:56 [DEBUG] - OS=Microsoft Windows NT 6.2.9200.0
2023-12-20 00:00:56 [DEBUG] - NUMBER_OF_PROCESSORS: 8
2023-12-20 00:00:56 [DEBUG] - PROCESSOR_ARCHITETURE: x64
2023-12-20 00:00:56 [MESSAGE] - Initializing login server...
2023-12-20 00:00:56 [DEBUG] - Starting threads...
2023-12-20 00:00:56 [MESSAGE] - Checking database...
2023-12-20 00:00:58 [MESSAGE] - Connected to MySQL Server...
2023-12-20 00:00:58 [MESSAGE] - Reading configuration file...
2023-12-20 00:00:58 [MESSAGE] - Starting Server...
2023-12-20 00:00:58 [MESSAGE] - Waiting for game server connections...
2023-12-20 00:00:58 [MESSAGE] - Server is ready for connections...
2023-12-20 00:01:43 [MESSAGE] - User [] is trying to login on server [Dark].
2023-12-20 00:01:43 [MESSAGE] - User [test2] has successfully logged into Dark(135.12.15.139:5816).
2023-12-20 00:02:11 [MESSAGE] - User [] is trying to login on server [Dark].
2023-12-20 00:02:11 [MESSAGE] - User [test2] has successfully logged into Dark(135.12.15.139:5816).
2023-12-20 00:25:47 [MESSAGE] - User [] is trying to login on server [Dark].
2023-12-20 00:25:47 [MESSAGE] - User [test2] has successfully logged into Dark(135.12.15.139:5816).
2023-12-20 06:49:58 [DEBUG] - C:\Users\Belal\Downloads\Conquer Online\Sources\Pinthole source 5517\zfserver v2.5517\zfserver v2.5517\LoginServer\bin\Debug
2023-12-20 06:49:58 [DEBUG] - Computer Name: DESKTOP-MVA152F
2023-12-20 06:49:58 [DEBUG] - User Name: Belal
2023-12-20 06:49:58 [DEBUG] - System Directory: C:\Windows\system32
2023-12-20 06:49:58 [DEBUG] - Some environment variables:
2023-12-20 06:49:58 [DEBUG] - OS=Microsoft Windows NT 6.2.9200.0
2023-12-20 06:49:58 [DEBUG] - NUMBER_OF_PROCESSORS: 8
2023-12-20 06:49:58 [DEBUG] - PROCESSOR_ARCHITETURE: x64
2023-12-20 06:49:58 [MESSAGE] - Initializing login server...
2023-12-20 06:49:58 [DEBUG] - Starting threads...
2023-12-20 06:49:58 [MESSAGE] - Checking database...
2023-12-20 06:50:00 [MESSAGE] - Connected to MySQL Server...
2023-12-20 06:50:00 [MESSAGE] - Reading configuration file...
2023-12-20 06:50:00 [MESSAGE] - Starting Server...
2023-12-20 06:50:00 [MESSAGE] - Waiting for game server connections...
2023-12-20 06:50:00 [MESSAGE] - Server is ready for connections...
2023-12-20 06:51:01 [MESSAGE] - User [] is trying to login on server [Dark].
2023-12-20 06:51:01 [MESSAGE] - User [adrian] has successfully logged into Dark(135.12.15.139:5816).
